<?xml version="1.0" encoding="UTF-8"?>
<testng-results ignored="0" total="1" passed="1" failed="0" skipped="0">
  <reporter-output>
  </reporter-output>
  <suite started-at="2025-08-26T13:12:14 IST" name="Automation Suite" finished-at="2025-08-26T13:12:47 IST" duration-ms="32747">
    <groups>
    </groups>
    <test started-at="2025-08-26T13:12:14 IST" name="Login Test" finished-at="2025-08-26T13:12:47 IST" duration-ms="32747">
      <class name="tests.LoginTest">
        <test-method is-config="true" signature="setUp()[pri:0, instance:tests.LoginTest@15d49048]" started-at="2025-08-26T13:12:14 IST" name="setUp" finished-at="2025-08-26T13:12:29 IST" duration-ms="14175" status="PASS">
          <reporter-output>
          </reporter-output>
        </test-method> <!-- setUp -->
        <test-method signature="verifyLogin()[pri:0, instance:tests.LoginTest@15d49048]" started-at="2025-08-26T13:12:29 IST" name="verifyLogin" finished-at="2025-08-26T13:12:45 IST" duration-ms="16467" status="PASS">
          <reporter-output>
          </reporter-output>
        </test-method> <!-- verifyLogin -->
        <test-method is-config="true" signature="tearDown()[pri:0, instance:tests.LoginTest@15d49048]" started-at="2025-08-26T13:12:45 IST" name="tearDown" finished-at="2025-08-26T13:12:47 IST" duration-ms="1930" status="PASS">
          <reporter-output>
          </reporter-output>
        </test-method> <!-- tearDown -->
      </class> <!-- tests.LoginTest -->
    </test> <!-- Login Test -->
  </suite> <!-- Automation Suite -->
</testng-results>
